# JRE version: Java(TM) SE Runtime Environment (23.0+37) (build 23+37-2369)
# Java VM: Java HotSpot(TM) 64-Bit Server VM (23+37-2369, mixed mode, sharing, tiered, compressed oops, compressed class ptrs, g1 gc, windows-amd64)
GC Precious Log:
 CardTable entry size: 512
 Card Set container configuration: InlinePtr #cards 4 size 8 Array Of Cards #cards 64 size 144 Howl #buckets 8 coarsen threshold 14745 Howl Bitmap #cards 2048 size 272 coarsen threshold 1843 Card regions per heap region 1 cards per card region 16384
 CPUs: 32 total, 32 available
 Memory: 65478M
 Large Page Support: Disabled
 NUMA Support: Disabled
 Compressed Oops: Enabled (Zero based)
 Heap Region Size: 8M
 Heap Min Capacity: 8M
 Heap Initial Capacity: 1G
 Heap Max Capacity: 16376M
 Pre-touch: Disabled
 Parallel Workers: 23
 Concurrent Workers: 6
 Concurrent Refinement Workers: 23
 Periodic GC: Disabled
Heap:
 garbage-first heap   total reserved 16769024K, committed 81920K, used 42255K [0x0000000400800000, 0x0000000800000000)
  region size 8192K, 1 young (8192K), 1 survivors (8192K)
 Metaspace       used 28222K, committed 28480K, reserved 1114112K
  class space    used 3561K, committed 3648K, reserved 1048576K
GC Heap History (17 events):
Event: 1.093 GC heap before
{Heap before GC invocations=0 (full 0):
 garbage-first heap   total reserved 16769024K, committed 1048576K, used 49152K [0x0000000400800000, 0x0000000800000000)
  region size 8192K, 6 young (49152K), 0 survivors (0K)
 Metaspace       used 15441K, committed 15680K, reserved 1114112K
  class space    used 2128K, committed 2240K, reserved 1048576K
}
Event: 1.101 GC heap after
{Heap after GC invocations=1 (full 0):
 garbage-first heap   total reserved 16769024K, committed 1048576K, used 8912K [0x0000000400800000, 0x0000000800000000)
  region size 8192K, 1 young (8192K), 1 survivors (8192K)
 Metaspace       used 15441K, committed 15680K, reserved 1114112K
  class space    used 2128K, committed 2240K, reserved 1048576K
}
Event: 1.309 GC heap before
{Heap before GC invocations=1 (full 0):
 garbage-first heap   total reserved 16769024K, committed 1048576K, used 25296K [0x0000000400800000, 0x0000000800000000)
  region size 8192K, 4 young (32768K), 1 survivors (8192K)
 Metaspace       used 21265K, committed 21504K, reserved 1114112K
  class space    used 2741K, committed 2880K, reserved 1048576K
}
Event: 1.314 GC heap after
{Heap after GC invocations=2 (full 0):
 garbage-first heap   total reserved 16769024K, committed 1048576K, used 10423K [0x0000000400800000, 0x0000000800000000)
  region size 8192K, 1 young (8192K), 1 survivors (8192K)
 Metaspace       used 21265K, committed 21504K, reserved 1114112K
  class space    used 2741K, committed 2880K, reserved 1048576K
}
Event: 7.751 GC heap before
{Heap before GC invocations=3 (full 0):
 garbage-first heap   total reserved 16769024K, committed 57344K, used 51383K [0x0000000400800000, 0x0000000800000000)
  region size 8192K, 6 young (49152K), 1 survivors (8192K)
 Metaspace       used 26512K, committed 26816K, reserved 1114112K
  class space    used 3390K, committed 3520K, reserved 1048576K
}
Event: 7.757 GC heap after
{Heap after GC invocations=4 (full 0):
 garbage-first heap   total reserved 16769024K, committed 73728K, used 18634K [0x0000000400800000, 0x0000000800000000)
  region size 8192K, 1 young (8192K), 1 survivors (8192K)
 Metaspace       used 26512K, committed 26816K, reserved 1114112K
  class space    used 3390K, committed 3520K, reserved 1048576K
}
Event: 7.883 GC heap before
{Heap before GC invocations=4 (full 0):
 garbage-first heap   total reserved 16769024K, committed 73728K, used 43210K [0x0000000400800000, 0x0000000800000000)
  region size 8192K, 4 young (32768K), 1 survivors (8192K)
 Metaspace       used 26513K, committed 26816K, reserved 1114112K
  class space    used 3391K, committed 3520K, reserved 1048576K
}
Event: 7.891 GC heap after
{Heap after GC invocations=5 (full 0):
 garbage-first heap   total reserved 16769024K, committed 73728K, used 27096K [0x0000000400800000, 0x0000000800000000)
  region size 8192K, 1 young (8192K), 1 survivors (8192K)
 Metaspace       used 26513K, committed 26816K, reserved 1114112K
  class space    used 3391K, committed 3520K, reserved 1048576K
}
Event: 7.973 GC heap before
{Heap before GC invocations=5 (full 0):
 garbage-first heap   total reserved 16769024K, committed 73728K, used 43480K [0x0000000400800000, 0x0000000800000000)
  region size 8192K, 3 young (24576K), 1 survivors (8192K)
 Metaspace       used 26522K, committed 26816K, reserved 1114112K
  class space    used 3392K, committed 3520K, reserved 1048576K
}
Event: 7.981 GC heap after
{Heap after GC invocations=6 (full 0):
 garbage-first heap   total reserved 16769024K, committed 73728K, used 32725K [0x0000000400800000, 0x0000000800000000)
  region size 8192K, 1 young (8192K), 1 survivors (8192K)
 Metaspace       used 26522K, committed 26816K, reserved 1114112K
  class space    used 3392K, committed 3520K, reserved 1048576K
}
Event: 8.142 GC heap before
{Heap before GC invocations=6 (full 0):
 garbage-first heap   total reserved 16769024K, committed 73728K, used 49109K [0x0000000400800000, 0x0000000800000000)
  region size 8192K, 3 young (24576K), 1 survivors (8192K)
 Metaspace       used 26639K, committed 26880K, reserved 1114112K
  class space    used 3398K, committed 3520K, reserved 1048576K
}
Event: 8.152 GC heap after
{Heap after GC invocations=7 (full 0):
 garbage-first heap   total reserved 16769024K, committed 73728K, used 37391K [0x0000000400800000, 0x0000000800000000)
  region size 8192K, 1 young (8192K), 1 survivors (8192K)
 Metaspace       used 26639K, committed 26880K, reserved 1114112K
  class space    used 3398K, committed 3520K, reserved 1048576K
}
Event: 8.739 GC heap before
{Heap before GC invocations=7 (full 0):
 garbage-first heap   total reserved 16769024K, committed 73728K, used 45583K [0x0000000400800000, 0x0000000800000000)
  region size 8192K, 2 young (16384K), 1 survivors (8192K)
 Metaspace       used 27492K, committed 27712K, reserved 1114112K
  class space    used 3489K, committed 3584K, reserved 1048576K
}
Event: 8.746 GC heap after
{Heap after GC invocations=8 (full 0):
 garbage-first heap   total reserved 16769024K, committed 73728K, used 40100K [0x0000000400800000, 0x0000000800000000)
  region size 8192K, 1 young (8192K), 1 survivors (8192K)
 Metaspace       used 27492K, committed 27712K, reserved 1114112K
  class space    used 3489K, committed 3584K, reserved 1048576K
}
Event: 8.939 GC heap before
{Heap before GC invocations=9 (full 0):
 garbage-first heap   total reserved 16769024K, committed 81920K, used 48292K [0x0000000400800000, 0x0000000800000000)
  region size 8192K, 2 young (16384K), 1 survivors (8192K)
 Metaspace       used 27957K, committed 28224K, reserved 1114112K
  class space    used 3539K, committed 3648K, reserved 1048576K
}
Event: 8.954 GC heap after
{Heap after GC invocations=10 (full 0):
 garbage-first heap   total reserved 16769024K, committed 81920K, used 44405K [0x0000000400800000, 0x0000000800000000)
  region size 8192K, 1 young (8192K), 1 survivors (8192K)
 Metaspace       used 27957K, committed 28224K, reserved 1114112K
  class space    used 3539K, committed 3648K, reserved 1048576K
}
Event: 9.209 GC heap before
{Heap before GC invocations=10 (full 0):
 garbage-first heap   total reserved 16769024K, committed 81920K, used 52597K [0x0000000400800000, 0x0000000800000000)
  region size 8192K, 2 young (16384K), 1 survivors (8192K)
 Metaspace       used 28222K, committed 28480K, reserved 1114112K
  class space    used 3561K, committed 3648K, reserved 1048576K
}

